<?xml version="1.0" encoding="UTF-8"?>
<!-- Generated by org.testng.reporters.JUnitReportReporter -->
<testsuite hostname="SL-1246" failures="0" tests="11" name="com.DemoTest.Tests.WebDemoTest" time="338.800" errors="0" timestamp="13 May 2020 21:44:39 GMT">
  <testcase classname="com.DemoTest.Tests.WebDemoTest" name="IanTestLoginDesktopWeb" time="30.412"/>
  <testcase classname="com.DemoTest.Tests.WebDemoTest" name="IanTestLoginDesktopWeb" time="30.627"/>
  <testcase classname="com.DemoTest.Tests.WebDemoTest" name="IanTestLoginDesktopWeb" time="25.142"/>
  <testcase classname="com.DemoTest.Tests.WebDemoTest" name="IanTestLoginDesktopWeb" time="25.876"/>
  <testcase classname="com.DemoTest.Tests.WebDemoTest" name="IanTestLoginDesktopWeb" time="34.402"/>
  <testcase classname="com.DemoTest.Tests.WebDemoTest" name="IanTestLoginDesktopWeb" time="36.280"/>
  <testcase classname="com.DemoTest.Tests.WebDemoTest" name="IanTestLoginDesktopWeb" time="32.486"/>
  <testcase classname="com.DemoTest.Tests.WebDemoTest" name="IanTestLoginDesktopWeb" time="34.812"/>
  <testcase classname="com.DemoTest.Tests.WebDemoTest" name="IanTestLoginDesktopWeb" time="25.729"/>
  <testcase classname="com.DemoTest.Tests.WebDemoTest" name="IanTestLoginDesktopWeb" time="34.225"/>
  <testcase classname="com.DemoTest.Tests.WebDemoTest" name="IanTestLoginDesktopWeb" time="28.809"/>
</testsuite> <!-- com.DemoTest.Tests.WebDemoTest -->
